INFO  - 2016-09-01 23:37:07.023; org.eclipse.jetty.server.Server; jetty-8.1.10.v20130312
INFO  - 2016-09-01 23:37:07.063; org.eclipse.jetty.deploy.providers.ScanningAppProvider; Deployment monitor /Users/kugimototoshimitsu/workspace/Django/FirstApp/solr/example/contexts at interval 0
INFO  - 2016-09-01 23:37:07.074; org.eclipse.jetty.deploy.DeploymentManager; Deployable added: /Users/kugimototoshimitsu/workspace/Django/FirstApp/solr/example/contexts/solr-jetty-context.xml
INFO  - 2016-09-01 23:37:07.149; org.eclipse.jetty.webapp.WebInfConfiguration; Extract jar:file:/Users/kugimototoshimitsu/workspace/Django/FirstApp/solr/example/webapps/solr.war!/ to /Users/kugimototoshimitsu/workspace/Django/FirstApp/solr/example/solr-webapp/webapp
INFO  - 2016-09-01 23:37:08.950; org.eclipse.jetty.webapp.StandardDescriptorProcessor; NO JSP Support for /solr, did not find org.apache.jasper.servlet.JspServlet
INFO  - 2016-09-01 23:37:09.035; org.apache.solr.servlet.SolrDispatchFilter; SolrDispatchFilter.init()
INFO  - 2016-09-01 23:37:09.053; org.apache.solr.core.SolrResourceLoader; JNDI not configured for solr (NoInitialContextEx)
INFO  - 2016-09-01 23:37:09.054; org.apache.solr.core.SolrResourceLoader; solr home defaulted to 'solr/' (could not find system property or JNDI)
INFO  - 2016-09-01 23:37:09.055; org.apache.solr.core.SolrResourceLoader; new SolrResourceLoader for directory: 'solr/'
INFO  - 2016-09-01 23:37:09.225; org.apache.solr.core.ConfigSolr; Loading container configuration from /Users/kugimototoshimitsu/workspace/Django/FirstApp/solr/example/solr/solr.xml
INFO  - 2016-09-01 23:37:09.364; org.apache.solr.core.CorePropertiesLocator; Config-defined core root directory: /Users/kugimototoshimitsu/workspace/Django/FirstApp/solr/example/solr
INFO  - 2016-09-01 23:37:09.373; org.apache.solr.core.CoreContainer; New CoreContainer 359368949
INFO  - 2016-09-01 23:37:09.373; org.apache.solr.core.CoreContainer; Loading cores into CoreContainer [instanceDir=solr/]
INFO  - 2016-09-01 23:37:09.386; org.apache.solr.handler.component.HttpShardHandlerFactory; Setting socketTimeout to: 0
INFO  - 2016-09-01 23:37:09.387; org.apache.solr.handler.component.HttpShardHandlerFactory; Setting urlScheme to: null
INFO  - 2016-09-01 23:37:09.390; org.apache.solr.handler.component.HttpShardHandlerFactory; Setting connTimeout to: 0
INFO  - 2016-09-01 23:37:09.393; org.apache.solr.handler.component.HttpShardHandlerFactory; Setting maxConnectionsPerHost to: 20
INFO  - 2016-09-01 23:37:09.393; org.apache.solr.handler.component.HttpShardHandlerFactory; Setting corePoolSize to: 0
INFO  - 2016-09-01 23:37:09.394; org.apache.solr.handler.component.HttpShardHandlerFactory; Setting maximumPoolSize to: 2147483647
INFO  - 2016-09-01 23:37:09.394; org.apache.solr.handler.component.HttpShardHandlerFactory; Setting maxThreadIdleTime to: 5
INFO  - 2016-09-01 23:37:09.394; org.apache.solr.handler.component.HttpShardHandlerFactory; Setting sizeOfQueue to: -1
INFO  - 2016-09-01 23:37:09.394; org.apache.solr.handler.component.HttpShardHandlerFactory; Setting fairnessPolicy to: false
INFO  - 2016-09-01 23:37:09.395; org.apache.solr.handler.component.HttpShardHandlerFactory; Setting useRetries to: false
INFO  - 2016-09-01 23:37:09.599; org.apache.solr.update.UpdateShardHandler; Creating UpdateShardHandler HTTP client with params: socketTimeout=0&connTimeout=0&retry=true
INFO  - 2016-09-01 23:37:09.603; org.apache.solr.logging.LogWatcher; SLF4J impl is org.slf4j.impl.Log4jLoggerFactory
INFO  - 2016-09-01 23:37:09.604; org.apache.solr.logging.LogWatcher; Registering Log Listener [Log4j (org.slf4j.impl.Log4jLoggerFactory)]
INFO  - 2016-09-01 23:37:09.605; org.apache.solr.core.CoreContainer; Host Name: 
INFO  - 2016-09-01 23:37:10.105; org.apache.solr.core.CorePropertiesLocator; Looking for core definitions underneath /Users/kugimototoshimitsu/workspace/Django/FirstApp/solr/example/solr
INFO  - 2016-09-01 23:37:10.114; org.apache.solr.core.CorePropertiesLocator; Found core collection1 in /Users/kugimototoshimitsu/workspace/Django/FirstApp/solr/example/solr/collection1/
INFO  - 2016-09-01 23:37:10.115; org.apache.solr.core.CorePropertiesLocator; Found 1 core definitions
INFO  - 2016-09-01 23:37:10.117; org.apache.solr.core.SolrResourceLoader; new SolrResourceLoader for directory: '/Users/kugimototoshimitsu/workspace/Django/FirstApp/solr/example/solr/collection1/'
INFO  - 2016-09-01 23:37:10.192; org.apache.solr.core.SolrConfig; Adding specified lib dirs to ClassLoader
INFO  - 2016-09-01 23:37:10.194; org.apache.solr.core.SolrResourceLoader; Adding 'file:/Users/kugimototoshimitsu/workspace/Django/FirstApp/solr/contrib/extraction/lib/apache-mime4j-core-0.7.2.jar' to classloader
INFO  - 2016-09-01 23:37:10.194; org.apache.solr.core.SolrResourceLoader; Adding 'file:/Users/kugimototoshimitsu/workspace/Django/FirstApp/solr/contrib/extraction/lib/apache-mime4j-dom-0.7.2.jar' to classloader
INFO  - 2016-09-01 23:37:10.195; org.apache.solr.core.SolrResourceLoader; Adding 'file:/Users/kugimototoshimitsu/workspace/Django/FirstApp/solr/contrib/extraction/lib/aspectjrt-1.6.11.jar' to classloader
INFO  - 2016-09-01 23:37:10.195; org.apache.solr.core.SolrResourceLoader; Adding 'file:/Users/kugimototoshimitsu/workspace/Django/FirstApp/solr/contrib/extraction/lib/bcmail-jdk15-1.45.jar' to classloader
INFO  - 2016-09-01 23:37:10.195; org.apache.solr.core.SolrResourceLoader; Adding 'file:/Users/kugimototoshimitsu/workspace/Django/FirstApp/solr/contrib/extraction/lib/bcprov-jdk15-1.45.jar' to classloader
INFO  - 2016-09-01 23:37:10.196; org.apache.solr.core.SolrResourceLoader; Adding 'file:/Users/kugimototoshimitsu/workspace/Django/FirstApp/solr/contrib/extraction/lib/boilerpipe-1.1.0.jar' to classloader
INFO  - 2016-09-01 23:37:10.196; org.apache.solr.core.SolrResourceLoader; Adding 'file:/Users/kugimototoshimitsu/workspace/Django/FirstApp/solr/contrib/extraction/lib/commons-compress-1.7.jar' to classloader
INFO  - 2016-09-01 23:37:10.196; org.apache.solr.core.SolrResourceLoader; Adding 'file:/Users/kugimototoshimitsu/workspace/Django/FirstApp/solr/contrib/extraction/lib/dom4j-1.6.1.jar' to classloader
INFO  - 2016-09-01 23:37:10.197; org.apache.solr.core.SolrResourceLoader; Adding 'file:/Users/kugimototoshimitsu/workspace/Django/FirstApp/solr/contrib/extraction/lib/fontbox-1.8.4.jar' to classloader
INFO  - 2016-09-01 23:37:10.197; org.apache.solr.core.SolrResourceLoader; Adding 'file:/Users/kugimototoshimitsu/workspace/Django/FirstApp/solr/contrib/extraction/lib/icu4j-53.1.jar' to classloader
INFO  - 2016-09-01 23:37:10.197; org.apache.solr.core.SolrResourceLoader; Adding 'file:/Users/kugimototoshimitsu/workspace/Django/FirstApp/solr/contrib/extraction/lib/isoparser-1.0-RC-1.jar' to classloader
INFO  - 2016-09-01 23:37:10.198; org.apache.solr.core.SolrResourceLoader; Adding 'file:/Users/kugimototoshimitsu/workspace/Django/FirstApp/solr/contrib/extraction/lib/jdom-1.0.jar' to classloader
INFO  - 2016-09-01 23:37:10.198; org.apache.solr.core.SolrResourceLoader; Adding 'file:/Users/kugimototoshimitsu/workspace/Django/FirstApp/solr/contrib/extraction/lib/jempbox-1.8.4.jar' to classloader
INFO  - 2016-09-01 23:37:10.198; org.apache.solr.core.SolrResourceLoader; Adding 'file:/Users/kugimototoshimitsu/workspace/Django/FirstApp/solr/contrib/extraction/lib/jhighlight-1.0.jar' to classloader
INFO  - 2016-09-01 23:37:10.199; org.apache.solr.core.SolrResourceLoader; Adding 'file:/Users/kugimototoshimitsu/workspace/Django/FirstApp/solr/contrib/extraction/lib/juniversalchardet-1.0.3.jar' to classloader
INFO  - 2016-09-01 23:37:10.199; org.apache.solr.core.SolrResourceLoader; Adding 'file:/Users/kugimototoshimitsu/workspace/Django/FirstApp/solr/contrib/extraction/lib/metadata-extractor-2.6.2.jar' to classloader
INFO  - 2016-09-01 23:37:10.199; org.apache.solr.core.SolrResourceLoader; Adding 'file:/Users/kugimototoshimitsu/workspace/Django/FirstApp/solr/contrib/extraction/lib/pdfbox-1.8.4.jar' to classloader
INFO  - 2016-09-01 23:37:10.199; org.apache.solr.core.SolrResourceLoader; Adding 'file:/Users/kugimototoshimitsu/workspace/Django/FirstApp/solr/contrib/extraction/lib/poi-3.10.1.jar' to classloader
INFO  - 2016-09-01 23:37:10.200; org.apache.solr.core.SolrResourceLoader; Adding 'file:/Users/kugimototoshimitsu/workspace/Django/FirstApp/solr/contrib/extraction/lib/poi-ooxml-3.10.1.jar' to classloader
INFO  - 2016-09-01 23:37:10.200; org.apache.solr.core.SolrResourceLoader; Adding 'file:/Users/kugimototoshimitsu/workspace/Django/FirstApp/solr/contrib/extraction/lib/poi-ooxml-schemas-3.10.1.jar' to classloader
INFO  - 2016-09-01 23:37:10.200; org.apache.solr.core.SolrResourceLoader; Adding 'file:/Users/kugimototoshimitsu/workspace/Django/FirstApp/solr/contrib/extraction/lib/poi-scratchpad-3.10.1.jar' to classloader
INFO  - 2016-09-01 23:37:10.201; org.apache.solr.core.SolrResourceLoader; Adding 'file:/Users/kugimototoshimitsu/workspace/Django/FirstApp/solr/contrib/extraction/lib/rome-0.9.jar' to classloader
INFO  - 2016-09-01 23:37:10.201; org.apache.solr.core.SolrResourceLoader; Adding 'file:/Users/kugimototoshimitsu/workspace/Django/FirstApp/solr/contrib/extraction/lib/tagsoup-1.2.1.jar' to classloader
INFO  - 2016-09-01 23:37:10.202; org.apache.solr.core.SolrResourceLoader; Adding 'file:/Users/kugimototoshimitsu/workspace/Django/FirstApp/solr/contrib/extraction/lib/tika-core-1.5.jar' to classloader
INFO  - 2016-09-01 23:37:10.202; org.apache.solr.core.SolrResourceLoader; Adding 'file:/Users/kugimototoshimitsu/workspace/Django/FirstApp/solr/contrib/extraction/lib/tika-parsers-1.5.jar' to classloader
INFO  - 2016-09-01 23:37:10.202; org.apache.solr.core.SolrResourceLoader; Adding 'file:/Users/kugimototoshimitsu/workspace/Django/FirstApp/solr/contrib/extraction/lib/tika-xmp-1.5.jar' to classloader
INFO  - 2016-09-01 23:37:10.203; org.apache.solr.core.SolrResourceLoader; Adding 'file:/Users/kugimototoshimitsu/workspace/Django/FirstApp/solr/contrib/extraction/lib/vorbis-java-core-0.1.jar' to classloader
INFO  - 2016-09-01 23:37:10.203; org.apache.solr.core.SolrResourceLoader; Adding 'file:/Users/kugimototoshimitsu/workspace/Django/FirstApp/solr/contrib/extraction/lib/vorbis-java-tika-0.1.jar' to classloader
INFO  - 2016-09-01 23:37:10.203; org.apache.solr.core.SolrResourceLoader; Adding 'file:/Users/kugimototoshimitsu/workspace/Django/FirstApp/solr/contrib/extraction/lib/xercesImpl-2.9.1.jar' to classloader
INFO  - 2016-09-01 23:37:10.204; org.apache.solr.core.SolrResourceLoader; Adding 'file:/Users/kugimototoshimitsu/workspace/Django/FirstApp/solr/contrib/extraction/lib/xmlbeans-2.6.0.jar' to classloader
INFO  - 2016-09-01 23:37:10.204; org.apache.solr.core.SolrResourceLoader; Adding 'file:/Users/kugimototoshimitsu/workspace/Django/FirstApp/solr/contrib/extraction/lib/xmpcore-5.1.2.jar' to classloader
INFO  - 2016-09-01 23:37:10.204; org.apache.solr.core.SolrResourceLoader; Adding 'file:/Users/kugimototoshimitsu/workspace/Django/FirstApp/solr/contrib/extraction/lib/xz-1.4.jar' to classloader
INFO  - 2016-09-01 23:37:10.206; org.apache.solr.core.SolrResourceLoader; Adding 'file:/Users/kugimototoshimitsu/workspace/Django/FirstApp/solr/dist/solr-cell-4.10.4.jar' to classloader
INFO  - 2016-09-01 23:37:10.206; org.apache.solr.core.SolrResourceLoader; Adding 'file:/Users/kugimototoshimitsu/workspace/Django/FirstApp/solr/contrib/clustering/lib/attributes-binder-1.2.1.jar' to classloader
INFO  - 2016-09-01 23:37:10.207; org.apache.solr.core.SolrResourceLoader; Adding 'file:/Users/kugimototoshimitsu/workspace/Django/FirstApp/solr/contrib/clustering/lib/carrot2-mini-3.9.0.jar' to classloader
INFO  - 2016-09-01 23:37:10.207; org.apache.solr.core.SolrResourceLoader; Adding 'file:/Users/kugimototoshimitsu/workspace/Django/FirstApp/solr/contrib/clustering/lib/hppc-0.5.2.jar' to classloader
INFO  - 2016-09-01 23:37:10.207; org.apache.solr.core.SolrResourceLoader; Adding 'file:/Users/kugimototoshimitsu/workspace/Django/FirstApp/solr/contrib/clustering/lib/jackson-core-asl-1.9.13.jar' to classloader
INFO  - 2016-09-01 23:37:10.208; org.apache.solr.core.SolrResourceLoader; Adding 'file:/Users/kugimototoshimitsu/workspace/Django/FirstApp/solr/contrib/clustering/lib/jackson-mapper-asl-1.9.13.jar' to classloader
INFO  - 2016-09-01 23:37:10.208; org.apache.solr.core.SolrResourceLoader; Adding 'file:/Users/kugimototoshimitsu/workspace/Django/FirstApp/solr/contrib/clustering/lib/mahout-collections-1.0.jar' to classloader
INFO  - 2016-09-01 23:37:10.208; org.apache.solr.core.SolrResourceLoader; Adding 'file:/Users/kugimototoshimitsu/workspace/Django/FirstApp/solr/contrib/clustering/lib/mahout-math-0.6.jar' to classloader
INFO  - 2016-09-01 23:37:10.209; org.apache.solr.core.SolrResourceLoader; Adding 'file:/Users/kugimototoshimitsu/workspace/Django/FirstApp/solr/contrib/clustering/lib/simple-xml-2.7.jar' to classloader
INFO  - 2016-09-01 23:37:10.210; org.apache.solr.core.SolrResourceLoader; Adding 'file:/Users/kugimototoshimitsu/workspace/Django/FirstApp/solr/dist/solr-clustering-4.10.4.jar' to classloader
INFO  - 2016-09-01 23:37:10.211; org.apache.solr.core.SolrResourceLoader; Adding 'file:/Users/kugimototoshimitsu/workspace/Django/FirstApp/solr/contrib/langid/lib/jsonic-1.2.7.jar' to classloader
INFO  - 2016-09-01 23:37:10.211; org.apache.solr.core.SolrResourceLoader; Adding 'file:/Users/kugimototoshimitsu/workspace/Django/FirstApp/solr/contrib/langid/lib/langdetect-1.1-20120112.jar' to classloader
INFO  - 2016-09-01 23:37:10.212; org.apache.solr.core.SolrResourceLoader; Adding 'file:/Users/kugimototoshimitsu/workspace/Django/FirstApp/solr/dist/solr-langid-4.10.4.jar' to classloader
INFO  - 2016-09-01 23:37:10.213; org.apache.solr.core.SolrResourceLoader; Adding 'file:/Users/kugimototoshimitsu/workspace/Django/FirstApp/solr/contrib/velocity/lib/commons-beanutils-1.8.3.jar' to classloader
INFO  - 2016-09-01 23:37:10.213; org.apache.solr.core.SolrResourceLoader; Adding 'file:/Users/kugimototoshimitsu/workspace/Django/FirstApp/solr/contrib/velocity/lib/commons-collections-3.2.1.jar' to classloader
INFO  - 2016-09-01 23:37:10.214; org.apache.solr.core.SolrResourceLoader; Adding 'file:/Users/kugimototoshimitsu/workspace/Django/FirstApp/solr/contrib/velocity/lib/velocity-1.7.jar' to classloader
INFO  - 2016-09-01 23:37:10.214; org.apache.solr.core.SolrResourceLoader; Adding 'file:/Users/kugimototoshimitsu/workspace/Django/FirstApp/solr/contrib/velocity/lib/velocity-tools-2.0.jar' to classloader
INFO  - 2016-09-01 23:37:10.215; org.apache.solr.core.SolrResourceLoader; Adding 'file:/Users/kugimototoshimitsu/workspace/Django/FirstApp/solr/dist/solr-velocity-4.10.4.jar' to classloader
INFO  - 2016-09-01 23:37:10.981; org.apache.solr.update.SolrIndexConfig; IndexWriter infoStream solr logging is enabled
INFO  - 2016-09-01 23:37:10.989; org.apache.solr.core.SolrConfig; Using Lucene MatchVersion: 4.10.4
INFO  - 2016-09-01 23:37:11.237; org.apache.solr.core.SolrConfig; Loaded SolrConfig: solrconfig.xml
INFO  - 2016-09-01 23:37:11.248; org.apache.solr.schema.IndexSchema; Reading Solr Schema from /Users/kugimototoshimitsu/workspace/Django/FirstApp/solr/example/solr/collection1/conf/schema.xml
INFO  - 2016-09-01 23:37:11.336; org.apache.solr.schema.IndexSchema; [collection1] Schema name=example
INFO  - 2016-09-01 23:37:11.840; org.apache.solr.schema.IndexSchema; unique key field: id
INFO  - 2016-09-01 23:37:11.858; org.apache.solr.rest.RestManager$Registry; Registered ManagedResource impl org.apache.solr.rest.schema.analysis.ManagedWordSetResource for path /schema/analysis/stopwords/english
INFO  - 2016-09-01 23:37:11.859; org.apache.solr.rest.RestManager$Registry; Registered ManagedResource impl org.apache.solr.rest.schema.analysis.ManagedSynonymFilterFactory$SynonymManager for path /schema/analysis/synonyms/english
INFO  - 2016-09-01 23:37:11.947; org.apache.solr.schema.FileExchangeRateProvider; Reloading exchange rates from file currency.xml
INFO  - 2016-09-01 23:37:11.956; org.apache.solr.schema.FileExchangeRateProvider; Reloading exchange rates from file currency.xml
INFO  - 2016-09-01 23:37:12.105; org.apache.solr.core.CoreContainer; Creating SolrCore 'collection1' using configuration from instancedir /Users/kugimototoshimitsu/workspace/Django/FirstApp/solr/example/solr/collection1/
INFO  - 2016-09-01 23:37:12.124; org.apache.solr.core.SolrCore; solr.NRTCachingDirectoryFactory
INFO  - 2016-09-01 23:37:12.192; org.apache.solr.core.SolrCore; [collection1] Opening new SolrCore at /Users/kugimototoshimitsu/workspace/Django/FirstApp/solr/example/solr/collection1/, dataDir=/Users/kugimototoshimitsu/workspace/Django/FirstApp/solr/example/solr/collection1/data/
INFO  - 2016-09-01 23:37:12.195; org.apache.solr.core.JmxMonitoredMap; No JMX servers found, not exposing Solr information with JMX.
INFO  - 2016-09-01 23:37:12.200; org.apache.solr.core.SolrCore; [collection1] Added SolrEventListener for newSearcher: org.apache.solr.core.QuerySenderListener{queries=[]}
INFO  - 2016-09-01 23:37:12.200; org.apache.solr.core.SolrCore; [collection1] Added SolrEventListener for firstSearcher: org.apache.solr.core.QuerySenderListener{queries=[{q=static firstSearcher warming in solrconfig.xml}]}
INFO  - 2016-09-01 23:37:12.215; org.apache.solr.core.CachingDirectoryFactory; return new directory for /Users/kugimototoshimitsu/workspace/Django/FirstApp/solr/example/solr/collection1/data
INFO  - 2016-09-01 23:37:12.252; org.apache.solr.core.SolrCore; New index directory detected: old=null new=/Users/kugimototoshimitsu/workspace/Django/FirstApp/solr/example/solr/collection1/data/index/
WARN  - 2016-09-01 23:37:12.253; org.apache.solr.core.SolrCore; [collection1] Solr index directory '/Users/kugimototoshimitsu/workspace/Django/FirstApp/solr/example/solr/collection1/data/index' doesn't exist. Creating new index...
INFO  - 2016-09-01 23:37:12.264; org.apache.solr.core.CachingDirectoryFactory; return new directory for /Users/kugimototoshimitsu/workspace/Django/FirstApp/solr/example/solr/collection1/data/index
INFO  - 2016-09-01 23:37:12.312; org.apache.solr.core.SolrDeletionPolicy; SolrDeletionPolicy.onCommit: commits: num=1
	commit{dir=NRTCachingDirectory(MMapDirectory@/Users/kugimototoshimitsu/workspace/Django/FirstApp/solr/example/solr/collection1/data/index lockFactory=NativeFSLockFactory@/Users/kugimototoshimitsu/workspace/Django/FirstApp/solr/example/solr/collection1/data/index; maxCacheMB=48.0 maxMergeSizeMB=4.0),segFN=segments_1,generation=1}
INFO  - 2016-09-01 23:37:12.314; org.apache.solr.core.SolrDeletionPolicy; newest commit generation = 1
INFO  - 2016-09-01 23:37:12.321; org.apache.solr.core.SolrCore; created json: solr.JSONResponseWriter
INFO  - 2016-09-01 23:37:12.322; org.apache.solr.core.SolrCore; adding lazy queryResponseWriter: solr.VelocityResponseWriter
INFO  - 2016-09-01 23:37:12.323; org.apache.solr.core.SolrCore; created velocity: solr.VelocityResponseWriter
INFO  - 2016-09-01 23:37:12.326; org.apache.solr.core.SolrCore; created xslt: solr.XSLTResponseWriter
INFO  - 2016-09-01 23:37:12.327; org.apache.solr.response.XSLTResponseWriter; xsltCacheLifetimeSeconds=5
INFO  - 2016-09-01 23:37:12.412; org.apache.solr.core.SolrCore; no updateRequestProcessorChain defined as default, creating implicit default
INFO  - 2016-09-01 23:37:12.418; org.apache.solr.core.RequestHandlers; created /update: org.apache.solr.handler.UpdateRequestHandler
INFO  - 2016-09-01 23:37:12.418; org.apache.solr.core.RequestHandlers; created /update/json: org.apache.solr.handler.UpdateRequestHandler
INFO  - 2016-09-01 23:37:12.419; org.apache.solr.core.RequestHandlers; created /update/csv: org.apache.solr.handler.UpdateRequestHandler
INFO  - 2016-09-01 23:37:12.419; org.apache.solr.core.RequestHandlers; created /update/json/docs: org.apache.solr.handler.UpdateRequestHandler
INFO  - 2016-09-01 23:37:12.423; org.apache.solr.core.RequestHandlers; created /select: solr.SearchHandler
INFO  - 2016-09-01 23:37:12.424; org.apache.solr.core.RequestHandlers; created /query: solr.SearchHandler
INFO  - 2016-09-01 23:37:12.425; org.apache.solr.core.RequestHandlers; created /get: solr.RealTimeGetHandler
INFO  - 2016-09-01 23:37:12.426; org.apache.solr.core.RequestHandlers; created /export: solr.SearchHandler
INFO  - 2016-09-01 23:37:12.426; org.apache.solr.core.RequestHandlers; created /browse: solr.SearchHandler
WARN  - 2016-09-01 23:37:12.428; org.apache.solr.core.RequestHandlers; Multiple requestHandler registered to the same name: /update ignoring: org.apache.solr.handler.UpdateRequestHandler
INFO  - 2016-09-01 23:37:12.428; org.apache.solr.core.RequestHandlers; created /update: solr.UpdateRequestHandler
INFO  - 2016-09-01 23:37:12.428; org.apache.solr.core.RequestHandlers; adding lazy requestHandler: solr.extraction.ExtractingRequestHandler
INFO  - 2016-09-01 23:37:12.429; org.apache.solr.core.RequestHandlers; created /update/extract: solr.extraction.ExtractingRequestHandler
INFO  - 2016-09-01 23:37:12.430; org.apache.solr.core.RequestHandlers; adding lazy requestHandler: solr.FieldAnalysisRequestHandler
INFO  - 2016-09-01 23:37:12.430; org.apache.solr.core.RequestHandlers; created /analysis/field: solr.FieldAnalysisRequestHandler
INFO  - 2016-09-01 23:37:12.430; org.apache.solr.core.RequestHandlers; adding lazy requestHandler: solr.DocumentAnalysisRequestHandler
INFO  - 2016-09-01 23:37:12.431; org.apache.solr.core.RequestHandlers; created /analysis/document: solr.DocumentAnalysisRequestHandler
INFO  - 2016-09-01 23:37:12.433; org.apache.solr.core.RequestHandlers; created /admin/: solr.admin.AdminHandlers
INFO  - 2016-09-01 23:37:12.437; org.apache.solr.core.RequestHandlers; created /admin/ping: solr.PingRequestHandler
INFO  - 2016-09-01 23:37:12.439; org.apache.solr.core.RequestHandlers; created /debug/dump: solr.DumpRequestHandler
INFO  - 2016-09-01 23:37:12.456; org.apache.solr.core.RequestHandlers; created /replication: solr.ReplicationHandler
INFO  - 2016-09-01 23:37:12.457; org.apache.solr.core.RequestHandlers; adding lazy requestHandler: solr.SearchHandler
INFO  - 2016-09-01 23:37:12.457; org.apache.solr.core.RequestHandlers; created /spell: solr.SearchHandler
INFO  - 2016-09-01 23:37:12.457; org.apache.solr.core.RequestHandlers; adding lazy requestHandler: solr.SearchHandler
INFO  - 2016-09-01 23:37:12.458; org.apache.solr.core.RequestHandlers; created /tvrh: solr.SearchHandler
INFO  - 2016-09-01 23:37:12.458; org.apache.solr.core.RequestHandlers; adding lazy requestHandler: solr.SearchHandler
INFO  - 2016-09-01 23:37:12.458; org.apache.solr.core.RequestHandlers; created /terms: solr.SearchHandler
INFO  - 2016-09-01 23:37:12.458; org.apache.solr.core.RequestHandlers; adding lazy requestHandler: solr.SearchHandler
INFO  - 2016-09-01 23:37:12.458; org.apache.solr.core.RequestHandlers; created /elevate: solr.SearchHandler
INFO  - 2016-09-01 23:37:12.482; org.apache.solr.handler.loader.XMLLoader; xsltCacheLifetimeSeconds=60
INFO  - 2016-09-01 23:37:12.484; org.apache.solr.handler.loader.XMLLoader; xsltCacheLifetimeSeconds=60
INFO  - 2016-09-01 23:37:12.485; org.apache.solr.handler.loader.XMLLoader; xsltCacheLifetimeSeconds=60
INFO  - 2016-09-01 23:37:12.488; org.apache.solr.handler.loader.XMLLoader; xsltCacheLifetimeSeconds=60
INFO  - 2016-09-01 23:37:12.489; org.apache.solr.handler.loader.XMLLoader; xsltCacheLifetimeSeconds=60
INFO  - 2016-09-01 23:37:12.513; org.apache.solr.update.CommitTracker; Hard AutoCommit: if uncommited for 15000ms; 
INFO  - 2016-09-01 23:37:12.514; org.apache.solr.update.CommitTracker; Soft AutoCommit: disabled
INFO  - 2016-09-01 23:37:12.529; org.apache.solr.core.SolrDeletionPolicy; SolrDeletionPolicy.onInit: commits: num=1
	commit{dir=NRTCachingDirectory(MMapDirectory@/Users/kugimototoshimitsu/workspace/Django/FirstApp/solr/example/solr/collection1/data/index lockFactory=NativeFSLockFactory@/Users/kugimototoshimitsu/workspace/Django/FirstApp/solr/example/solr/collection1/data/index; maxCacheMB=48.0 maxMergeSizeMB=4.0),segFN=segments_1,generation=1}
INFO  - 2016-09-01 23:37:12.529; org.apache.solr.core.SolrDeletionPolicy; newest commit generation = 1
INFO  - 2016-09-01 23:37:12.535; org.apache.solr.search.SolrIndexSearcher; Opening Searcher@632e498d[collection1] main
INFO  - 2016-09-01 23:37:12.540; org.apache.solr.rest.ManagedResourceStorage$FileStorageIO; File-based storage initialized to use dir: /Users/kugimototoshimitsu/workspace/Django/FirstApp/solr/example/solr/collection1/conf
INFO  - 2016-09-01 23:37:12.541; org.apache.solr.rest.RestManager; Initializing RestManager with initArgs: {storageDir=/Users/kugimototoshimitsu/workspace/Django/FirstApp/solr/example/solr/collection1/conf}
INFO  - 2016-09-01 23:37:12.542; org.apache.solr.rest.ManagedResourceStorage; Reading _rest_managed.json using file:dir=/Users/kugimototoshimitsu/workspace/Django/FirstApp/solr/example/solr/collection1/conf
INFO  - 2016-09-01 23:37:12.551; org.apache.solr.rest.ManagedResourceStorage; Loaded LinkedHashMap at path _rest_managed.json using file:dir=/Users/kugimototoshimitsu/workspace/Django/FirstApp/solr/example/solr/collection1/conf
INFO  - 2016-09-01 23:37:12.551; org.apache.solr.rest.ManagedResource; Loaded initArgs {} for /rest/managed
INFO  - 2016-09-01 23:37:12.551; org.apache.solr.rest.RestManager; Initializing 2 registered ManagedResources
INFO  - 2016-09-01 23:37:12.552; org.apache.solr.rest.ManagedResourceStorage; Reading _schema_analysis_stopwords_english.json using file:dir=/Users/kugimototoshimitsu/workspace/Django/FirstApp/solr/example/solr/collection1/conf
INFO  - 2016-09-01 23:37:12.553; org.apache.solr.rest.ManagedResourceStorage; Loaded LinkedHashMap at path _schema_analysis_stopwords_english.json using file:dir=/Users/kugimototoshimitsu/workspace/Django/FirstApp/solr/example/solr/collection1/conf
INFO  - 2016-09-01 23:37:12.554; org.apache.solr.rest.ManagedResource; Loaded initArgs {ignoreCase=true} for /schema/analysis/stopwords/english
INFO  - 2016-09-01 23:37:12.554; org.apache.solr.rest.schema.analysis.ManagedWordSetResource; Loaded 35 words for /schema/analysis/stopwords/english
INFO  - 2016-09-01 23:37:12.554; org.apache.solr.rest.ManagedResource; Notified 1 observers of /schema/analysis/stopwords/english
INFO  - 2016-09-01 23:37:12.555; org.apache.solr.rest.ManagedResourceStorage; Reading _schema_analysis_synonyms_english.json using file:dir=/Users/kugimototoshimitsu/workspace/Django/FirstApp/solr/example/solr/collection1/conf
INFO  - 2016-09-01 23:37:12.557; org.apache.solr.rest.ManagedResourceStorage; Loaded LinkedHashMap at path _schema_analysis_synonyms_english.json using file:dir=/Users/kugimototoshimitsu/workspace/Django/FirstApp/solr/example/solr/collection1/conf
INFO  - 2016-09-01 23:37:12.557; org.apache.solr.rest.ManagedResource; Loaded initArgs {ignoreCase=true,format=solr} for /schema/analysis/synonyms/english
INFO  - 2016-09-01 23:37:12.558; org.apache.solr.rest.schema.analysis.ManagedSynonymFilterFactory$SynonymManager; Loaded 3 synonym mappings for /schema/analysis/synonyms/english
INFO  - 2016-09-01 23:37:12.560; org.apache.solr.rest.ManagedResource; Notified 1 observers of /schema/analysis/synonyms/english
INFO  - 2016-09-01 23:37:12.561; org.apache.solr.handler.component.SpellCheckComponent; Initializing spell checkers
INFO  - 2016-09-01 23:37:12.567; org.apache.solr.spelling.DirectSolrSpellChecker; init: {name=default,field=text,classname=solr.DirectSolrSpellChecker,distanceMeasure=internal,accuracy=0.5,maxEdits=2,minPrefix=1,maxInspections=5,minQueryLength=4,maxQueryFrequency=0.01}
INFO  - 2016-09-01 23:37:12.575; org.apache.solr.handler.component.SpellCheckComponent; No queryConverter defined, using default converter
INFO  - 2016-09-01 23:37:12.578; org.apache.solr.handler.component.QueryElevationComponent; Loading QueryElevation from: /Users/kugimototoshimitsu/workspace/Django/FirstApp/solr/example/solr/collection1/conf/elevate.xml
INFO  - 2016-09-01 23:37:12.605; org.apache.solr.handler.ReplicationHandler; Commits will be reserved for  10000
INFO  - 2016-09-01 23:37:12.605; org.apache.solr.core.QuerySenderListener; QuerySenderListener sending requests to Searcher@632e498d[collection1] main{StandardDirectoryReader(segments_1:1:nrt)}
INFO  - 2016-09-01 23:37:12.606; org.apache.solr.core.CoreContainer; registering core: collection1
INFO  - 2016-09-01 23:37:12.609; org.apache.solr.servlet.SolrDispatchFilter; user.dir=/Users/kugimototoshimitsu/workspace/Django/FirstApp/solr/example
INFO  - 2016-09-01 23:37:12.609; org.apache.solr.servlet.SolrDispatchFilter; SolrDispatchFilter.init() done
INFO  - 2016-09-01 23:37:12.653; org.eclipse.jetty.server.AbstractConnector; Started SocketConnector@0.0.0.0:8983
INFO  - 2016-09-01 23:37:12.670; org.apache.solr.core.SolrCore; [collection1] webapp=null path=null params={q=static+firstSearcher+warming+in+solrconfig.xml&distrib=false&event=firstSearcher} hits=0 status=0 QTime=62 
INFO  - 2016-09-01 23:37:12.672; org.apache.solr.core.QuerySenderListener; QuerySenderListener done.
INFO  - 2016-09-01 23:37:12.672; org.apache.solr.handler.component.SpellCheckComponent$SpellCheckerListener; Loading spell index for spellchecker: default
INFO  - 2016-09-01 23:37:12.672; org.apache.solr.handler.component.SpellCheckComponent$SpellCheckerListener; Loading spell index for spellchecker: wordbreak
INFO  - 2016-09-01 23:37:12.673; org.apache.solr.core.SolrCore; [collection1] Registered new searcher Searcher@632e498d[collection1] main{StandardDirectoryReader(segments_1:1:nrt)}
INFO  - 2016-09-01 23:37:29.529; org.apache.solr.servlet.SolrDispatchFilter; [admin] webapp=null path=/admin/cores params={indexInfo=false&wt=json&_=1472740649519} status=0 QTime=2 
INFO  - 2016-09-01 23:37:29.682; org.apache.solr.servlet.SolrDispatchFilter; [admin] webapp=null path=/admin/info/system params={wt=json&_=1472740649587} status=0 QTime=91 
INFO  - 2016-09-01 23:42:19.143; org.apache.solr.servlet.SolrDispatchFilter; [admin] webapp=null path=/admin/cores params={wt=json&_=1472740939131} status=0 QTime=4 
INFO  - 2016-09-01 23:42:19.234; org.apache.solr.servlet.SolrDispatchFilter; [admin] webapp=null path=/admin/cores params={wt=json&_=1472740939227} status=0 QTime=1 
INFO  - 2016-09-01 23:43:20.612; org.apache.solr.handler.admin.CoreAdminHandler; core create command schema=schema.xml&dataDir=data&name=blog&indexInfo=false&action=CREATE&collection=&shard=&wt=json&instanceDir=blog&config=solrconfig.xml&_=1472741000607
INFO  - 2016-09-01 23:43:20.614; org.apache.solr.core.SolrResourceLoader; new SolrResourceLoader for directory: 'solr/blog/'
ERROR - 2016-09-01 23:43:20.624; org.apache.solr.core.CoreContainer; Error creating core [blog]: Could not load conf for core blog: Error loading solr config from solr/blog/conf/solrconfig.xml
org.apache.solr.common.SolrException: Could not load conf for core blog: Error loading solr config from solr/blog/conf/solrconfig.xml
	at org.apache.solr.core.ConfigSetService.getConfig(ConfigSetService.java:66)
	at org.apache.solr.core.CoreContainer.create(CoreContainer.java:489)
	at org.apache.solr.core.CoreContainer.create(CoreContainer.java:466)
	at org.apache.solr.handler.admin.CoreAdminHandler.handleCreateAction(CoreAdminHandler.java:575)
	at org.apache.solr.handler.admin.CoreAdminHandler.handleRequestInternal(CoreAdminHandler.java:199)
	at org.apache.solr.handler.admin.CoreAdminHandler.handleRequestBody(CoreAdminHandler.java:188)
	at org.apache.solr.handler.RequestHandlerBase.handleRequest(RequestHandlerBase.java:135)
	at org.apache.solr.servlet.SolrDispatchFilter.handleAdminRequest(SolrDispatchFilter.java:729)
	at org.apache.solr.servlet.SolrDispatchFilter.doFilter(SolrDispatchFilter.java:258)
	at org.apache.solr.servlet.SolrDispatchFilter.doFilter(SolrDispatchFilter.java:207)
	at org.eclipse.jetty.servlet.ServletHandler$CachedChain.doFilter(ServletHandler.java:1419)
	at org.eclipse.jetty.servlet.ServletHandler.doHandle(ServletHandler.java:455)
	at org.eclipse.jetty.server.handler.ScopedHandler.handle(ScopedHandler.java:137)
	at org.eclipse.jetty.security.SecurityHandler.handle(SecurityHandler.java:557)
	at org.eclipse.jetty.server.session.SessionHandler.doHandle(SessionHandler.java:231)
	at org.eclipse.jetty.server.handler.ContextHandler.doHandle(ContextHandler.java:1075)
	at org.eclipse.jetty.servlet.ServletHandler.doScope(ServletHandler.java:384)
	at org.eclipse.jetty.server.session.SessionHandler.doScope(SessionHandler.java:193)
	at org.eclipse.jetty.server.handler.ContextHandler.doScope(ContextHandler.java:1009)
	at org.eclipse.jetty.server.handler.ScopedHandler.handle(ScopedHandler.java:135)
	at org.eclipse.jetty.server.handler.ContextHandlerCollection.handle(ContextHandlerCollection.java:255)
	at org.eclipse.jetty.server.handler.HandlerCollection.handle(HandlerCollection.java:154)
	at org.eclipse.jetty.server.handler.HandlerWrapper.handle(HandlerWrapper.java:116)
	at org.eclipse.jetty.server.Server.handle(Server.java:368)
	at org.eclipse.jetty.server.AbstractHttpConnection.handleRequest(AbstractHttpConnection.java:489)
	at org.eclipse.jetty.server.BlockingHttpConnection.handleRequest(BlockingHttpConnection.java:53)
	at org.eclipse.jetty.server.AbstractHttpConnection.headerComplete(AbstractHttpConnection.java:942)
	at org.eclipse.jetty.server.AbstractHttpConnection$RequestHandler.headerComplete(AbstractHttpConnection.java:1004)
	at org.eclipse.jetty.http.HttpParser.parseNext(HttpParser.java:640)
	at org.eclipse.jetty.http.HttpParser.parseAvailable(HttpParser.java:235)
	at org.eclipse.jetty.server.BlockingHttpConnection.handle(BlockingHttpConnection.java:72)
	at org.eclipse.jetty.server.bio.SocketConnector$ConnectorEndPoint.run(SocketConnector.java:264)
	at org.eclipse.jetty.util.thread.QueuedThreadPool.runJob(QueuedThreadPool.java:608)
	at org.eclipse.jetty.util.thread.QueuedThreadPool$3.run(QueuedThreadPool.java:543)
	at java.lang.Thread.run(Thread.java:745)
Caused by: org.apache.solr.common.SolrException: Error loading solr config from solr/blog/conf/solrconfig.xml
	at org.apache.solr.core.SolrConfig.readFromResourceLoader(SolrConfig.java:154)
	at org.apache.solr.core.ConfigSetService.createSolrConfig(ConfigSetService.java:80)
	at org.apache.solr.core.ConfigSetService.getConfig(ConfigSetService.java:61)
	... 34 more
Caused by: java.io.IOException: Can't find resource 'solrconfig.xml' in classpath or '/Users/kugimototoshimitsu/workspace/Django/FirstApp/solr/example/solr/blog/conf'
	at org.apache.solr.core.SolrResourceLoader.openResource(SolrResourceLoader.java:362)
	at org.apache.solr.core.SolrResourceLoader.openConfig(SolrResourceLoader.java:308)
	at org.apache.solr.core.Config.<init>(Config.java:117)
	at org.apache.solr.core.Config.<init>(Config.java:87)
	at org.apache.solr.core.SolrConfig.<init>(SolrConfig.java:167)
	at org.apache.solr.core.SolrConfig.readFromResourceLoader(SolrConfig.java:145)
	... 36 more
ERROR - 2016-09-01 23:43:20.628; org.apache.solr.common.SolrException; org.apache.solr.common.SolrException: Error CREATEing SolrCore 'blog': Unable to create core [blog] Caused by: Can't find resource 'solrconfig.xml' in classpath or '/Users/kugimototoshimitsu/workspace/Django/FirstApp/solr/example/solr/blog/conf'
	at org.apache.solr.handler.admin.CoreAdminHandler.handleCreateAction(CoreAdminHandler.java:613)
	at org.apache.solr.handler.admin.CoreAdminHandler.handleRequestInternal(CoreAdminHandler.java:199)
	at org.apache.solr.handler.admin.CoreAdminHandler.handleRequestBody(CoreAdminHandler.java:188)
	at org.apache.solr.handler.RequestHandlerBase.handleRequest(RequestHandlerBase.java:135)
	at org.apache.solr.servlet.SolrDispatchFilter.handleAdminRequest(SolrDispatchFilter.java:729)
	at org.apache.solr.servlet.SolrDispatchFilter.doFilter(SolrDispatchFilter.java:258)
	at org.apache.solr.servlet.SolrDispatchFilter.doFilter(SolrDispatchFilter.java:207)
	at org.eclipse.jetty.servlet.ServletHandler$CachedChain.doFilter(ServletHandler.java:1419)
	at org.eclipse.jetty.servlet.ServletHandler.doHandle(ServletHandler.java:455)
	at org.eclipse.jetty.server.handler.ScopedHandler.handle(ScopedHandler.java:137)
	at org.eclipse.jetty.security.SecurityHandler.handle(SecurityHandler.java:557)
	at org.eclipse.jetty.server.session.SessionHandler.doHandle(SessionHandler.java:231)
	at org.eclipse.jetty.server.handler.ContextHandler.doHandle(ContextHandler.java:1075)
	at org.eclipse.jetty.servlet.ServletHandler.doScope(ServletHandler.java:384)
	at org.eclipse.jetty.server.session.SessionHandler.doScope(SessionHandler.java:193)
	at org.eclipse.jetty.server.handler.ContextHandler.doScope(ContextHandler.java:1009)
	at org.eclipse.jetty.server.handler.ScopedHandler.handle(ScopedHandler.java:135)
	at org.eclipse.jetty.server.handler.ContextHandlerCollection.handle(ContextHandlerCollection.java:255)
	at org.eclipse.jetty.server.handler.HandlerCollection.handle(HandlerCollection.java:154)
	at org.eclipse.jetty.server.handler.HandlerWrapper.handle(HandlerWrapper.java:116)
	at org.eclipse.jetty.server.Server.handle(Server.java:368)
	at org.eclipse.jetty.server.AbstractHttpConnection.handleRequest(AbstractHttpConnection.java:489)
	at org.eclipse.jetty.server.BlockingHttpConnection.handleRequest(BlockingHttpConnection.java:53)
	at org.eclipse.jetty.server.AbstractHttpConnection.headerComplete(AbstractHttpConnection.java:942)
	at org.eclipse.jetty.server.AbstractHttpConnection$RequestHandler.headerComplete(AbstractHttpConnection.java:1004)
	at org.eclipse.jetty.http.HttpParser.parseNext(HttpParser.java:640)
	at org.eclipse.jetty.http.HttpParser.parseAvailable(HttpParser.java:235)
	at org.eclipse.jetty.server.BlockingHttpConnection.handle(BlockingHttpConnection.java:72)
	at org.eclipse.jetty.server.bio.SocketConnector$ConnectorEndPoint.run(SocketConnector.java:264)
	at org.eclipse.jetty.util.thread.QueuedThreadPool.runJob(QueuedThreadPool.java:608)
	at org.eclipse.jetty.util.thread.QueuedThreadPool$3.run(QueuedThreadPool.java:543)
	at java.lang.Thread.run(Thread.java:745)
Caused by: org.apache.solr.common.SolrException: Unable to create core [blog]
	at org.apache.solr.core.CoreContainer.create(CoreContainer.java:507)
	at org.apache.solr.core.CoreContainer.create(CoreContainer.java:466)
	at org.apache.solr.handler.admin.CoreAdminHandler.handleCreateAction(CoreAdminHandler.java:575)
	... 31 more
Caused by: org.apache.solr.common.SolrException: Could not load conf for core blog: Error loading solr config from solr/blog/conf/solrconfig.xml
	at org.apache.solr.core.ConfigSetService.getConfig(ConfigSetService.java:66)
	at org.apache.solr.core.CoreContainer.create(CoreContainer.java:489)
	... 33 more
Caused by: org.apache.solr.common.SolrException: Error loading solr config from solr/blog/conf/solrconfig.xml
	at org.apache.solr.core.SolrConfig.readFromResourceLoader(SolrConfig.java:154)
	at org.apache.solr.core.ConfigSetService.createSolrConfig(ConfigSetService.java:80)
	at org.apache.solr.core.ConfigSetService.getConfig(ConfigSetService.java:61)
	... 34 more
Caused by: java.io.IOException: Can't find resource 'solrconfig.xml' in classpath or '/Users/kugimototoshimitsu/workspace/Django/FirstApp/solr/example/solr/blog/conf'
	at org.apache.solr.core.SolrResourceLoader.openResource(SolrResourceLoader.java:362)
	at org.apache.solr.core.SolrResourceLoader.openConfig(SolrResourceLoader.java:308)
	at org.apache.solr.core.Config.<init>(Config.java:117)
	at org.apache.solr.core.Config.<init>(Config.java:87)
	at org.apache.solr.core.SolrConfig.<init>(SolrConfig.java:167)
	at org.apache.solr.core.SolrConfig.readFromResourceLoader(SolrConfig.java:145)
	... 36 more

INFO  - 2016-09-01 23:43:20.629; org.apache.solr.servlet.SolrDispatchFilter; [admin] webapp=null path=/admin/cores params={schema=schema.xml&dataDir=data&name=blog&indexInfo=false&action=CREATE&collection=&shard=&wt=json&instanceDir=blog&config=solrconfig.xml&_=1472741000607} status=400 QTime=17 
INFO  - 2016-09-01 23:46:54.758; org.apache.solr.handler.admin.CoreAdminHandler; core create command schema=schema.xml&dataDir=data&name=blog&indexInfo=false&action=CREATE&collection=&shard=&wt=json&instanceDir=blog&config=solrconfig.xml&_=1472741214753
INFO  - 2016-09-01 23:46:54.759; org.apache.solr.core.SolrResourceLoader; new SolrResourceLoader for directory: 'solr/blog/'
INFO  - 2016-09-01 23:46:54.778; org.apache.solr.core.SolrConfig; Using Lucene MatchVersion: 3.6.0
INFO  - 2016-09-01 23:46:54.789; org.apache.solr.core.SolrConfig; Loaded SolrConfig: solrconfig.xml
INFO  - 2016-09-01 23:46:54.791; org.apache.solr.schema.IndexSchema; Reading Solr Schema from solr/blog/conf/schema.xml
INFO  - 2016-09-01 23:46:54.796; org.apache.solr.schema.IndexSchema; [blog] Schema name=default
WARN  - 2016-09-01 23:46:54.799; org.apache.solr.schema.IndexSchema; no uniqueKey specified in schema.
INFO  - 2016-09-01 23:46:54.799; org.apache.solr.core.CoreContainer; Creating SolrCore 'blog' using configuration from instancedir solr/blog/
INFO  - 2016-09-01 23:46:54.800; org.apache.solr.core.SolrCore; solr.NRTCachingDirectoryFactory
INFO  - 2016-09-01 23:46:54.800; org.apache.solr.core.SolrCore; [blog] Opening new SolrCore at solr/blog/, dataDir=/Users/kugimototoshimitsu/workspace/Django/FirstApp/solr/example/solr/blog/data/
INFO  - 2016-09-01 23:46:54.801; org.apache.solr.core.SolrCore; JMX monitoring not detected for core: blog
INFO  - 2016-09-01 23:46:54.802; org.apache.solr.core.CachingDirectoryFactory; return new directory for /Users/kugimototoshimitsu/workspace/Django/FirstApp/solr/example/solr/blog/data
INFO  - 2016-09-01 23:46:54.802; org.apache.solr.core.SolrCore; New index directory detected: old=null new=/Users/kugimototoshimitsu/workspace/Django/FirstApp/solr/example/solr/blog/data/index/
WARN  - 2016-09-01 23:46:54.803; org.apache.solr.core.SolrCore; [blog] Solr index directory '/Users/kugimototoshimitsu/workspace/Django/FirstApp/solr/example/solr/blog/data/index' doesn't exist. Creating new index...
INFO  - 2016-09-01 23:46:54.803; org.apache.solr.core.CachingDirectoryFactory; return new directory for /Users/kugimototoshimitsu/workspace/Django/FirstApp/solr/example/solr/blog/data/index
INFO  - 2016-09-01 23:46:54.806; org.apache.solr.core.SolrDeletionPolicy; SolrDeletionPolicy.onCommit: commits: num=1
	commit{dir=NRTCachingDirectory(MMapDirectory@/Users/kugimototoshimitsu/workspace/Django/FirstApp/solr/example/solr/blog/data/index lockFactory=NativeFSLockFactory@/Users/kugimototoshimitsu/workspace/Django/FirstApp/solr/example/solr/blog/data/index; maxCacheMB=48.0 maxMergeSizeMB=4.0),segFN=segments_1,generation=1}
INFO  - 2016-09-01 23:46:54.806; org.apache.solr.core.SolrDeletionPolicy; newest commit generation = 1
INFO  - 2016-09-01 23:46:54.808; org.apache.solr.core.SolrCore; no updateRequestProcessorChain defined as default, creating implicit default
INFO  - 2016-09-01 23:46:54.809; org.apache.solr.core.RequestHandlers; created /update: org.apache.solr.handler.UpdateRequestHandler
INFO  - 2016-09-01 23:46:54.809; org.apache.solr.core.RequestHandlers; created /update/json: org.apache.solr.handler.UpdateRequestHandler
INFO  - 2016-09-01 23:46:54.809; org.apache.solr.core.RequestHandlers; created /update/csv: org.apache.solr.handler.UpdateRequestHandler
INFO  - 2016-09-01 23:46:54.810; org.apache.solr.core.RequestHandlers; created /update/json/docs: org.apache.solr.handler.UpdateRequestHandler
INFO  - 2016-09-01 23:46:54.813; org.apache.solr.core.RequestHandlers; created /select: solr.StandardRequestHandler
WARN  - 2016-09-01 23:46:54.813; org.apache.solr.core.RequestHandlers; Multiple requestHandler registered to the same name: /update ignoring: org.apache.solr.handler.UpdateRequestHandler
INFO  - 2016-09-01 23:46:54.813; org.apache.solr.core.RequestHandlers; created /update: solr.UpdateRequestHandler
INFO  - 2016-09-01 23:46:54.814; org.apache.solr.core.RequestHandlers; created /admin: solr.admin.AdminHandlers
INFO  - 2016-09-01 23:46:54.814; org.apache.solr.core.RequestHandlers; created /admin/ping: solr.PingRequestHandler
INFO  - 2016-09-01 23:46:54.817; org.apache.solr.handler.loader.XMLLoader; xsltCacheLifetimeSeconds=60
INFO  - 2016-09-01 23:46:54.818; org.apache.solr.handler.loader.XMLLoader; xsltCacheLifetimeSeconds=60
INFO  - 2016-09-01 23:46:54.819; org.apache.solr.handler.loader.XMLLoader; xsltCacheLifetimeSeconds=60
INFO  - 2016-09-01 23:46:54.821; org.apache.solr.handler.loader.XMLLoader; xsltCacheLifetimeSeconds=60
INFO  - 2016-09-01 23:46:54.822; org.apache.solr.handler.loader.XMLLoader; xsltCacheLifetimeSeconds=60
INFO  - 2016-09-01 23:46:54.823; org.apache.solr.update.CommitTracker; Hard AutoCommit: disabled
INFO  - 2016-09-01 23:46:54.823; org.apache.solr.update.CommitTracker; Soft AutoCommit: disabled
INFO  - 2016-09-01 23:46:54.828; org.apache.solr.core.SolrDeletionPolicy; SolrDeletionPolicy.onInit: commits: num=1
	commit{dir=NRTCachingDirectory(MMapDirectory@/Users/kugimototoshimitsu/workspace/Django/FirstApp/solr/example/solr/blog/data/index lockFactory=NativeFSLockFactory@/Users/kugimototoshimitsu/workspace/Django/FirstApp/solr/example/solr/blog/data/index; maxCacheMB=48.0 maxMergeSizeMB=4.0),segFN=segments_1,generation=1}
INFO  - 2016-09-01 23:46:54.829; org.apache.solr.core.SolrDeletionPolicy; newest commit generation = 1
INFO  - 2016-09-01 23:46:54.829; org.apache.solr.search.SolrIndexSearcher; Opening Searcher@5fae25f6[blog] main
INFO  - 2016-09-01 23:46:54.830; org.apache.solr.rest.ManagedResourceStorage$FileStorageIO; File-based storage initialized to use dir: /Users/kugimototoshimitsu/workspace/Django/FirstApp/solr/example/solr/blog/conf
INFO  - 2016-09-01 23:46:54.830; org.apache.solr.rest.RestManager; Initializing RestManager with initArgs: {storageDir=/Users/kugimototoshimitsu/workspace/Django/FirstApp/solr/example/solr/blog/conf}
INFO  - 2016-09-01 23:46:54.831; org.apache.solr.rest.ManagedResourceStorage; Reading _rest_managed.json using file:dir=/Users/kugimototoshimitsu/workspace/Django/FirstApp/solr/example/solr/blog/conf
WARN  - 2016-09-01 23:46:54.831; org.apache.solr.rest.ManagedResource; No stored data found for /rest/managed
INFO  - 2016-09-01 23:46:54.833; org.apache.solr.rest.ManagedResourceStorage$JsonStorage; Saved JSON object to path _rest_managed.json using file:dir=/Users/kugimototoshimitsu/workspace/Django/FirstApp/solr/example/solr/blog/conf
INFO  - 2016-09-01 23:46:54.834; org.apache.solr.rest.RestManager; Initializing 0 registered ManagedResources
INFO  - 2016-09-01 23:46:55.246; org.apache.solr.core.SolrCore; [blog] Registered new searcher Searcher@5fae25f6[blog] main{StandardDirectoryReader(segments_1:1:nrt)}
INFO  - 2016-09-01 23:46:55.247; org.apache.solr.core.CoreContainer; registering core: blog
INFO  - 2016-09-01 23:46:55.255; org.apache.solr.servlet.SolrDispatchFilter; [admin] webapp=null path=/admin/cores params={schema=schema.xml&dataDir=data&name=blog&indexInfo=false&action=CREATE&collection=&shard=&wt=json&instanceDir=blog&config=solrconfig.xml&_=1472741214753} status=0 QTime=497 
INFO  - 2016-09-01 23:46:55.265; org.apache.solr.servlet.SolrDispatchFilter; [admin] webapp=null path=/admin/cores params={wt=json&_=1472741215260} status=0 QTime=1 
INFO  - 2016-09-01 23:56:28.492; org.apache.solr.servlet.SolrDispatchFilter; [admin] webapp=null path=/admin/cores params={indexInfo=false&wt=json&_=1472741788487} status=0 QTime=0 
INFO  - 2016-09-01 23:56:28.637; org.apache.solr.servlet.SolrDispatchFilter; [admin] webapp=null path=/admin/info/system params={wt=json&_=1472741788580} status=0 QTime=54 
INFO  - 2016-09-01 23:56:36.467; org.apache.solr.servlet.SolrDispatchFilter; [admin] webapp=null path=/admin/cores params={wt=json&_=1472741796457} status=0 QTime=3 
INFO  - 2016-09-01 23:56:36.495; org.apache.solr.servlet.SolrDispatchFilter; [admin] webapp=null path=/admin/cores params={wt=json&_=1472741796491} status=0 QTime=1 
INFO  - 2016-09-01 23:56:38.150; org.apache.solr.core.SolrResourceLoader; new SolrResourceLoader for directory: 'solr/blog/'
INFO  - 2016-09-01 23:56:38.170; org.apache.solr.core.SolrConfig; Using Lucene MatchVersion: 3.6.0
INFO  - 2016-09-01 23:56:38.193; org.apache.solr.core.SolrConfig; Loaded SolrConfig: solrconfig.xml
INFO  - 2016-09-01 23:56:38.194; org.apache.solr.schema.IndexSchema; Reading Solr Schema from solr/blog/conf/schema.xml
INFO  - 2016-09-01 23:56:38.206; org.apache.solr.schema.IndexSchema; [blog] Schema name=default
WARN  - 2016-09-01 23:56:38.237; org.apache.solr.core.SolrResourceLoader; Solr loaded a deprecated plugin/analysis class [solr.SortableIntField]. Please consult documentation how to replace it accordingly.
WARN  - 2016-09-01 23:56:38.243; org.apache.solr.core.SolrResourceLoader; Solr loaded a deprecated plugin/analysis class [solr.SortableLongField]. Please consult documentation how to replace it accordingly.
WARN  - 2016-09-01 23:56:38.247; org.apache.solr.core.SolrResourceLoader; Solr loaded a deprecated plugin/analysis class [solr.SortableFloatField]. Please consult documentation how to replace it accordingly.
WARN  - 2016-09-01 23:56:38.251; org.apache.solr.core.SolrResourceLoader; Solr loaded a deprecated plugin/analysis class [solr.SortableDoubleField]. Please consult documentation how to replace it accordingly.
WARN  - 2016-09-01 23:56:38.287; org.apache.solr.schema.FieldTypePluginLoader; TokenizerFactory is using deprecated 3.6.0 emulation. You should at some point declare and reindex to at least 4.0, because 3.x emulation is deprecated and will be removed in 5.0
WARN  - 2016-09-01 23:56:38.288; org.apache.solr.schema.FieldTypePluginLoader; TokenFilterFactory is using deprecated 3.6.0 emulation. You should at some point declare and reindex to at least 4.0, because 3.x emulation is deprecated and will be removed in 5.0
WARN  - 2016-09-01 23:56:38.288; org.apache.solr.schema.FieldTypePluginLoader; TokenFilterFactory is using deprecated 3.6.0 emulation. You should at some point declare and reindex to at least 4.0, because 3.x emulation is deprecated and will be removed in 5.0
WARN  - 2016-09-01 23:56:38.289; org.apache.solr.schema.FieldTypePluginLoader; TokenFilterFactory is using deprecated 3.6.0 emulation. You should at some point declare and reindex to at least 4.0, because 3.x emulation is deprecated and will be removed in 5.0
WARN  - 2016-09-01 23:56:38.290; org.apache.solr.schema.FieldTypePluginLoader; TokenizerFactory is using deprecated 3.6.0 emulation. You should at some point declare and reindex to at least 4.0, because 3.x emulation is deprecated and will be removed in 5.0
WARN  - 2016-09-01 23:56:38.291; org.apache.solr.schema.FieldTypePluginLoader; TokenFilterFactory is using deprecated 3.6.0 emulation. You should at some point declare and reindex to at least 4.0, because 3.x emulation is deprecated and will be removed in 5.0
WARN  - 2016-09-01 23:56:38.292; org.apache.solr.schema.FieldTypePluginLoader; TokenFilterFactory is using deprecated 3.6.0 emulation. You should at some point declare and reindex to at least 4.0, because 3.x emulation is deprecated and will be removed in 5.0
WARN  - 2016-09-01 23:56:38.293; org.apache.solr.schema.FieldTypePluginLoader; TokenizerFactory is using deprecated 3.6.0 emulation. You should at some point declare and reindex to at least 4.0, because 3.x emulation is deprecated and will be removed in 5.0
WARN  - 2016-09-01 23:56:38.294; org.apache.solr.schema.FieldTypePluginLoader; TokenFilterFactory is using deprecated 3.6.0 emulation. You should at some point declare and reindex to at least 4.0, because 3.x emulation is deprecated and will be removed in 5.0
WARN  - 2016-09-01 23:56:38.294; org.apache.solr.schema.FieldTypePluginLoader; TokenFilterFactory is using deprecated 3.6.0 emulation. You should at some point declare and reindex to at least 4.0, because 3.x emulation is deprecated and will be removed in 5.0
WARN  - 2016-09-01 23:56:38.295; org.apache.solr.schema.FieldTypePluginLoader; TokenFilterFactory is using deprecated 3.6.0 emulation. You should at some point declare and reindex to at least 4.0, because 3.x emulation is deprecated and will be removed in 5.0
WARN  - 2016-09-01 23:56:38.296; org.apache.solr.schema.FieldTypePluginLoader; TokenFilterFactory is using deprecated 3.6.0 emulation. You should at some point declare and reindex to at least 4.0, because 3.x emulation is deprecated and will be removed in 5.0
WARN  - 2016-09-01 23:56:38.296; org.apache.solr.schema.FieldTypePluginLoader; TokenFilterFactory is using deprecated 3.6.0 emulation. You should at some point declare and reindex to at least 4.0, because 3.x emulation is deprecated and will be removed in 5.0
WARN  - 2016-09-01 23:56:38.296; org.apache.solr.schema.FieldTypePluginLoader; TokenFilterFactory is using deprecated 3.6.0 emulation. You should at some point declare and reindex to at least 4.0, because 3.x emulation is deprecated and will be removed in 5.0
WARN  - 2016-09-01 23:56:38.298; org.apache.solr.schema.FieldTypePluginLoader; TokenizerFactory is using deprecated 3.6.0 emulation. You should at some point declare and reindex to at least 4.0, because 3.x emulation is deprecated and will be removed in 5.0
WARN  - 2016-09-01 23:56:38.298; org.apache.solr.schema.FieldTypePluginLoader; TokenFilterFactory is using deprecated 3.6.0 emulation. You should at some point declare and reindex to at least 4.0, because 3.x emulation is deprecated and will be removed in 5.0
WARN  - 2016-09-01 23:56:38.299; org.apache.solr.schema.FieldTypePluginLoader; TokenFilterFactory is using deprecated 3.6.0 emulation. You should at some point declare and reindex to at least 4.0, because 3.x emulation is deprecated and will be removed in 5.0
WARN  - 2016-09-01 23:56:38.299; org.apache.solr.schema.FieldTypePluginLoader; TokenFilterFactory is using deprecated 3.6.0 emulation. You should at some point declare and reindex to at least 4.0, because 3.x emulation is deprecated and will be removed in 5.0
WARN  - 2016-09-01 23:56:38.299; org.apache.solr.schema.FieldTypePluginLoader; TokenFilterFactory is using deprecated 3.6.0 emulation. You should at some point declare and reindex to at least 4.0, because 3.x emulation is deprecated and will be removed in 5.0
WARN  - 2016-09-01 23:56:38.300; org.apache.solr.schema.FieldTypePluginLoader; TokenFilterFactory is using deprecated 3.6.0 emulation. You should at some point declare and reindex to at least 4.0, because 3.x emulation is deprecated and will be removed in 5.0
WARN  - 2016-09-01 23:56:38.301; org.apache.solr.schema.FieldTypePluginLoader; TokenizerFactory is using deprecated 3.6.0 emulation. You should at some point declare and reindex to at least 4.0, because 3.x emulation is deprecated and will be removed in 5.0
WARN  - 2016-09-01 23:56:38.304; org.apache.solr.schema.FieldTypePluginLoader; TokenizerFactory is using deprecated 3.6.0 emulation. You should at some point declare and reindex to at least 4.0, because 3.x emulation is deprecated and will be removed in 5.0
WARN  - 2016-09-01 23:56:38.304; org.apache.solr.schema.FieldTypePluginLoader; TokenFilterFactory is using deprecated 3.6.0 emulation. You should at some point declare and reindex to at least 4.0, because 3.x emulation is deprecated and will be removed in 5.0
WARN  - 2016-09-01 23:56:38.306; org.apache.solr.schema.FieldTypePluginLoader; TokenizerFactory is using deprecated 3.6.0 emulation. You should at some point declare and reindex to at least 4.0, because 3.x emulation is deprecated and will be removed in 5.0
WARN  - 2016-09-01 23:56:38.310; org.apache.solr.schema.FieldTypePluginLoader; TokenFilterFactory is using deprecated 3.6.0 emulation. You should at some point declare and reindex to at least 4.0, because 3.x emulation is deprecated and will be removed in 5.0
WARN  - 2016-09-01 23:56:38.310; org.apache.solr.schema.FieldTypePluginLoader; TokenFilterFactory is using deprecated 3.6.0 emulation. You should at some point declare and reindex to at least 4.0, because 3.x emulation is deprecated and will be removed in 5.0
WARN  - 2016-09-01 23:56:38.312; org.apache.solr.schema.FieldTypePluginLoader; TokenizerFactory is using deprecated 3.6.0 emulation. You should at some point declare and reindex to at least 4.0, because 3.x emulation is deprecated and will be removed in 5.0
WARN  - 2016-09-01 23:56:38.313; org.apache.solr.schema.FieldTypePluginLoader; TokenFilterFactory is using deprecated 3.6.0 emulation. You should at some point declare and reindex to at least 4.0, because 3.x emulation is deprecated and will be removed in 5.0
WARN  - 2016-09-01 23:56:38.313; org.apache.solr.schema.FieldTypePluginLoader; TokenFilterFactory is using deprecated 3.6.0 emulation. You should at some point declare and reindex to at least 4.0, because 3.x emulation is deprecated and will be removed in 5.0
WARN  - 2016-09-01 23:56:38.315; org.apache.solr.schema.FieldTypePluginLoader; TokenizerFactory is using deprecated 3.6.0 emulation. You should at some point declare and reindex to at least 4.0, because 3.x emulation is deprecated and will be removed in 5.0
WARN  - 2016-09-01 23:56:38.315; org.apache.solr.schema.FieldTypePluginLoader; TokenFilterFactory is using deprecated 3.6.0 emulation. You should at some point declare and reindex to at least 4.0, because 3.x emulation is deprecated and will be removed in 5.0
WARN  - 2016-09-01 23:56:38.316; org.apache.solr.schema.FieldTypePluginLoader; TokenFilterFactory is using deprecated 3.6.0 emulation. You should at some point declare and reindex to at least 4.0, because 3.x emulation is deprecated and will be removed in 5.0
WARN  - 2016-09-01 23:56:38.316; org.apache.solr.schema.FieldTypePluginLoader; TokenFilterFactory is using deprecated 3.6.0 emulation. You should at some point declare and reindex to at least 4.0, because 3.x emulation is deprecated and will be removed in 5.0
INFO  - 2016-09-01 23:56:38.319; org.apache.solr.schema.IndexSchema; default search field in schema is text
INFO  - 2016-09-01 23:56:38.320; org.apache.solr.schema.IndexSchema; query parser default operator is AND
INFO  - 2016-09-01 23:56:38.320; org.apache.solr.schema.IndexSchema; unique key field: id
INFO  - 2016-09-01 23:56:38.324; org.apache.solr.core.CoreContainer; Reloading SolrCore 'blog' using configuration from instancedir solr/blog/
INFO  - 2016-09-01 23:56:38.325; org.apache.solr.core.SolrCore; [blog] Opening new SolrCore at solr/blog/, dataDir=/Users/kugimototoshimitsu/workspace/Django/FirstApp/solr/example/solr/blog/data/
INFO  - 2016-09-01 23:56:38.326; org.apache.solr.core.SolrCore; JMX monitoring not detected for core: blog
INFO  - 2016-09-01 23:56:38.326; org.apache.solr.core.SolrCore; New index directory detected: old=null new=/Users/kugimototoshimitsu/workspace/Django/FirstApp/solr/example/solr/blog/data/index/
INFO  - 2016-09-01 23:56:38.329; org.apache.solr.core.SolrCore; no updateRequestProcessorChain defined as default, creating implicit default
INFO  - 2016-09-01 23:56:38.330; org.apache.solr.core.RequestHandlers; created /update: org.apache.solr.handler.UpdateRequestHandler
INFO  - 2016-09-01 23:56:38.331; org.apache.solr.core.RequestHandlers; created /update/json: org.apache.solr.handler.UpdateRequestHandler
INFO  - 2016-09-01 23:56:38.331; org.apache.solr.core.RequestHandlers; created /update/csv: org.apache.solr.handler.UpdateRequestHandler
INFO  - 2016-09-01 23:56:38.331; org.apache.solr.core.RequestHandlers; created /update/json/docs: org.apache.solr.handler.UpdateRequestHandler
INFO  - 2016-09-01 23:56:38.332; org.apache.solr.core.RequestHandlers; created /select: solr.StandardRequestHandler
WARN  - 2016-09-01 23:56:38.332; org.apache.solr.core.RequestHandlers; Multiple requestHandler registered to the same name: /update ignoring: org.apache.solr.handler.UpdateRequestHandler
INFO  - 2016-09-01 23:56:38.332; org.apache.solr.core.RequestHandlers; created /update: solr.UpdateRequestHandler
INFO  - 2016-09-01 23:56:38.332; org.apache.solr.core.RequestHandlers; created /admin: solr.admin.AdminHandlers
INFO  - 2016-09-01 23:56:38.333; org.apache.solr.core.RequestHandlers; created /admin/ping: solr.PingRequestHandler
INFO  - 2016-09-01 23:56:38.334; org.apache.solr.handler.loader.XMLLoader; xsltCacheLifetimeSeconds=60
INFO  - 2016-09-01 23:56:38.335; org.apache.solr.handler.loader.XMLLoader; xsltCacheLifetimeSeconds=60
INFO  - 2016-09-01 23:56:38.336; org.apache.solr.handler.loader.XMLLoader; xsltCacheLifetimeSeconds=60
INFO  - 2016-09-01 23:56:38.337; org.apache.solr.handler.loader.XMLLoader; xsltCacheLifetimeSeconds=60
INFO  - 2016-09-01 23:56:38.339; org.apache.solr.handler.loader.XMLLoader; xsltCacheLifetimeSeconds=60
INFO  - 2016-09-01 23:56:38.341; org.apache.solr.update.CommitTracker; Hard AutoCommit: disabled
INFO  - 2016-09-01 23:56:38.341; org.apache.solr.update.CommitTracker; Soft AutoCommit: disabled
INFO  - 2016-09-01 23:56:38.343; org.apache.solr.search.SolrIndexSearcher; Opening Searcher@131effb1[blog] main
INFO  - 2016-09-01 23:56:38.344; org.apache.solr.rest.ManagedResourceStorage$FileStorageIO; File-based storage initialized to use dir: /Users/kugimototoshimitsu/workspace/Django/FirstApp/solr/example/solr/blog/conf
INFO  - 2016-09-01 23:56:38.344; org.apache.solr.rest.RestManager; Initializing RestManager with initArgs: {storageDir=/Users/kugimototoshimitsu/workspace/Django/FirstApp/solr/example/solr/blog/conf}
INFO  - 2016-09-01 23:56:38.345; org.apache.solr.rest.ManagedResourceStorage; Reading _rest_managed.json using file:dir=/Users/kugimototoshimitsu/workspace/Django/FirstApp/solr/example/solr/blog/conf
INFO  - 2016-09-01 23:56:38.346; org.apache.solr.rest.ManagedResourceStorage; Loaded LinkedHashMap at path _rest_managed.json using file:dir=/Users/kugimototoshimitsu/workspace/Django/FirstApp/solr/example/solr/blog/conf
INFO  - 2016-09-01 23:56:38.347; org.apache.solr.rest.ManagedResource; Loaded initArgs {} for /rest/managed
INFO  - 2016-09-01 23:56:38.347; org.apache.solr.rest.RestManager; Initializing 0 registered ManagedResources
INFO  - 2016-09-01 23:56:38.747; org.apache.solr.update.DefaultSolrCoreState; Creating new IndexWriter...
INFO  - 2016-09-01 23:56:38.747; org.apache.solr.core.SolrCore; [blog] Registered new searcher Searcher@131effb1[blog] main{StandardDirectoryReader(segments_1:1:nrt)}
INFO  - 2016-09-01 23:56:38.748; org.apache.solr.update.DefaultSolrCoreState; Waiting until IndexWriter is unused... core=blog
INFO  - 2016-09-01 23:56:38.749; org.apache.solr.update.DefaultSolrCoreState; Closing old IndexWriter... core=blog
INFO  - 2016-09-01 23:56:38.753; org.apache.solr.core.SolrDeletionPolicy; SolrDeletionPolicy.onInit: commits: num=1
	commit{dir=NRTCachingDirectory(MMapDirectory@/Users/kugimototoshimitsu/workspace/Django/FirstApp/solr/example/solr/blog/data/index lockFactory=NativeFSLockFactory@/Users/kugimototoshimitsu/workspace/Django/FirstApp/solr/example/solr/blog/data/index; maxCacheMB=48.0 maxMergeSizeMB=4.0),segFN=segments_1,generation=1}
INFO  - 2016-09-01 23:56:38.753; org.apache.solr.core.SolrDeletionPolicy; newest commit generation = 1
INFO  - 2016-09-01 23:56:38.753; org.apache.solr.update.DefaultSolrCoreState; New IndexWriter is ready to be used.
INFO  - 2016-09-01 23:56:38.754; org.apache.solr.search.SolrIndexSearcher; Opening Searcher@34a4c448[blog] main
INFO  - 2016-09-01 23:56:38.755; org.apache.solr.core.CoreContainer; replacing core: blog
INFO  - 2016-09-01 23:56:38.755; org.apache.solr.core.SolrCore; [blog]  CLOSING SolrCore org.apache.solr.core.SolrCore@7baed7e4
INFO  - 2016-09-01 23:56:38.755; org.apache.solr.core.SolrCore; [blog] Registered new searcher Searcher@34a4c448[blog] main{StandardDirectoryReader(segments_1:1:nrt)}
INFO  - 2016-09-01 23:56:38.755; org.apache.solr.update.DirectUpdateHandler2; closing DirectUpdateHandler2{commits=0,autocommits=0,soft autocommits=0,optimizes=0,rollbacks=0,expungeDeletes=0,docsPending=0,adds=0,deletesById=0,deletesByQuery=0,errors=0,cumulative_adds=0,cumulative_deletesById=0,cumulative_deletesByQuery=0,cumulative_errors=0}
INFO  - 2016-09-01 23:56:38.756; org.apache.solr.core.SolrCore; [blog] Closing main searcher on request.
INFO  - 2016-09-01 23:56:38.757; org.apache.solr.servlet.SolrDispatchFilter; [admin] webapp=null path=/admin/cores params={core=blog&action=RELOAD&wt=json&_=1472741798145} status=0 QTime=608 
INFO  - 2016-09-01 23:56:38.766; org.apache.solr.servlet.SolrDispatchFilter; [admin] webapp=null path=/admin/cores params={wt=json&_=1472741798762} status=0 QTime=1 
INFO  - 2016-09-01 23:57:30.614; org.apache.solr.update.DirectUpdateHandler2; [blog] REMOVING ALL DOCUMENTS FROM INDEX
INFO  - 2016-09-01 23:57:30.616; org.apache.solr.update.DirectUpdateHandler2; start commit{,optimize=false,openSearcher=true,waitSearcher=true,expungeDeletes=false,softCommit=false,prepareCommit=false}
INFO  - 2016-09-01 23:57:30.617; org.apache.solr.core.SolrDeletionPolicy; SolrDeletionPolicy.onCommit: commits: num=2
	commit{dir=NRTCachingDirectory(MMapDirectory@/Users/kugimototoshimitsu/workspace/Django/FirstApp/solr/example/solr/blog/data/index lockFactory=NativeFSLockFactory@/Users/kugimototoshimitsu/workspace/Django/FirstApp/solr/example/solr/blog/data/index; maxCacheMB=48.0 maxMergeSizeMB=4.0),segFN=segments_1,generation=1}
	commit{dir=NRTCachingDirectory(MMapDirectory@/Users/kugimototoshimitsu/workspace/Django/FirstApp/solr/example/solr/blog/data/index lockFactory=NativeFSLockFactory@/Users/kugimototoshimitsu/workspace/Django/FirstApp/solr/example/solr/blog/data/index; maxCacheMB=48.0 maxMergeSizeMB=4.0),segFN=segments_2,generation=2}
INFO  - 2016-09-01 23:57:30.618; org.apache.solr.core.SolrDeletionPolicy; newest commit generation = 2
INFO  - 2016-09-01 23:57:30.619; org.apache.solr.search.SolrIndexSearcher; Opening Searcher@bbe0861[blog] main
INFO  - 2016-09-01 23:57:30.619; org.apache.solr.update.DirectUpdateHandler2; end_commit_flush
INFO  - 2016-09-01 23:57:30.619; org.apache.solr.core.SolrCore; [blog] Registered new searcher Searcher@bbe0861[blog] main{StandardDirectoryReader(segments_1:2:nrt)}
INFO  - 2016-09-01 23:57:30.620; org.apache.solr.update.processor.LogUpdateProcessor; [blog] webapp=/solr path=/update/ params={commit=true} {deleteByQuery=*:*,commit=} 0 36
INFO  - 2016-09-01 23:57:30.627; org.apache.solr.update.DirectUpdateHandler2; start commit{,optimize=true,openSearcher=true,waitSearcher=true,expungeDeletes=false,softCommit=false,prepareCommit=false}
INFO  - 2016-09-01 23:57:30.627; org.apache.solr.update.DirectUpdateHandler2; No uncommitted changes. Skipping IW.commit.
INFO  - 2016-09-01 23:57:30.628; org.apache.solr.core.SolrCore; SolrIndexSearcher has not changed - not re-opening: org.apache.solr.search.SolrIndexSearcher
INFO  - 2016-09-01 23:57:30.628; org.apache.solr.update.DirectUpdateHandler2; end_commit_flush
INFO  - 2016-09-01 23:57:30.628; org.apache.solr.update.DirectUpdateHandler2; start commit{,optimize=false,openSearcher=true,waitSearcher=true,expungeDeletes=false,softCommit=false,prepareCommit=false}
INFO  - 2016-09-01 23:57:30.628; org.apache.solr.update.DirectUpdateHandler2; No uncommitted changes. Skipping IW.commit.
INFO  - 2016-09-01 23:57:30.629; org.apache.solr.core.SolrCore; SolrIndexSearcher has not changed - not re-opening: org.apache.solr.search.SolrIndexSearcher
INFO  - 2016-09-01 23:57:30.629; org.apache.solr.update.DirectUpdateHandler2; end_commit_flush
INFO  - 2016-09-01 23:57:30.629; org.apache.solr.update.processor.LogUpdateProcessor; [blog] webapp=/solr path=/update/ params={commit=true} {optimize=,commit=} 0 3
INFO  - 2016-09-01 23:57:30.756; org.apache.solr.update.DirectUpdateHandler2; start commit{,optimize=false,openSearcher=true,waitSearcher=true,expungeDeletes=false,softCommit=false,prepareCommit=false}
INFO  - 2016-09-01 23:57:30.782; org.apache.solr.core.SolrDeletionPolicy; SolrDeletionPolicy.onCommit: commits: num=2
	commit{dir=NRTCachingDirectory(MMapDirectory@/Users/kugimototoshimitsu/workspace/Django/FirstApp/solr/example/solr/blog/data/index lockFactory=NativeFSLockFactory@/Users/kugimototoshimitsu/workspace/Django/FirstApp/solr/example/solr/blog/data/index; maxCacheMB=48.0 maxMergeSizeMB=4.0),segFN=segments_2,generation=2}
	commit{dir=NRTCachingDirectory(MMapDirectory@/Users/kugimototoshimitsu/workspace/Django/FirstApp/solr/example/solr/blog/data/index lockFactory=NativeFSLockFactory@/Users/kugimototoshimitsu/workspace/Django/FirstApp/solr/example/solr/blog/data/index; maxCacheMB=48.0 maxMergeSizeMB=4.0),segFN=segments_3,generation=3}
INFO  - 2016-09-01 23:57:30.782; org.apache.solr.core.SolrDeletionPolicy; newest commit generation = 3
INFO  - 2016-09-01 23:57:30.810; org.apache.solr.search.SolrIndexSearcher; Opening Searcher@c092dc0[blog] main
INFO  - 2016-09-01 23:57:30.811; org.apache.solr.update.DirectUpdateHandler2; end_commit_flush
INFO  - 2016-09-01 23:57:30.811; org.apache.solr.core.SolrCore; [blog] Registered new searcher Searcher@c092dc0[blog] main{StandardDirectoryReader(segments_1:4:nrt _0(4.10.4):C5)}
INFO  - 2016-09-01 23:57:30.812; org.apache.solr.update.processor.LogUpdateProcessor; [blog] webapp=/solr path=/update/ params={commit=true} {add=[blog.post.4, blog.post.5, blog.post.6, blog.post.7, blog.post.8],commit=} 0 89
ERROR - 2016-09-01 23:57:50.817; org.apache.solr.handler.admin.ShowFileRequestHandler; Can not find: admin-extra.menu-top.html [/Users/kugimototoshimitsu/workspace/Django/FirstApp/solr/example/solr/blog/conf/admin-extra.menu-top.html]
INFO  - 2016-09-01 23:57:50.818; org.apache.solr.core.SolrCore; [blog] webapp=/solr path=/admin/file/ params={file=admin-extra.menu-top.html&contentType=text/html;charset%3Dutf-8&_=1472741870805} status=404 QTime=8 
ERROR - 2016-09-01 23:57:50.818; org.apache.solr.handler.admin.ShowFileRequestHandler; Can not find: admin-extra.menu-bottom.html [/Users/kugimototoshimitsu/workspace/Django/FirstApp/solr/example/solr/blog/conf/admin-extra.menu-bottom.html]
INFO  - 2016-09-01 23:57:50.822; org.apache.solr.core.SolrCore; [blog] webapp=/solr path=/admin/file/ params={file=admin-extra.menu-bottom.html&contentType=text/html;charset%3Dutf-8&_=1472741870806} status=404 QTime=4 
INFO  - 2016-09-01 23:57:50.879; org.apache.solr.core.SolrCore; [blog] webapp=/solr path=/admin/luke params={show=index&numTerms=0&wt=json&_=1472741870861} status=0 QTime=6 
ERROR - 2016-09-01 23:57:50.900; org.apache.solr.handler.admin.ShowFileRequestHandler; Can not find: admin-extra.html [/Users/kugimototoshimitsu/workspace/Django/FirstApp/solr/example/solr/blog/conf/admin-extra.html]
INFO  - 2016-09-01 23:57:50.901; org.apache.solr.core.SolrCore; [blog] webapp=/solr path=/admin/file/ params={file=admin-extra.html&_=1472741870873} status=404 QTime=1 
INFO  - 2016-09-01 23:57:50.903; org.apache.solr.core.SolrCore; [blog] webapp=/solr path=/admin/ping params={action=status&wt=json&_=1472741870875} status=503 QTime=2 
INFO  - 2016-09-01 23:57:50.964; org.apache.solr.core.SolrCore; [blog] webapp=/solr path=/admin/system params={wt=json&_=1472741870871} status=0 QTime=61 
INFO  - 2016-09-01 23:58:25.264; org.apache.solr.core.SolrCore; [blog] webapp=/solr path=/select params={q=*:*&indent=true&wt=json&_=1472741905253} hits=5 status=0 QTime=6 
INFO  - 2016-09-02 00:27:22.121; org.apache.solr.core.SolrCore; [blog] webapp=/solr path=/select/ params={q=(Toshi)&fl=*+score&start=0&fq=django_ct:(blog.post)&rows=1&wt=json} hits=1 status=0 QTime=26 
INFO  - 2016-09-02 00:27:22.138; org.apache.solr.core.SolrCore; [blog] webapp=/solr path=/select/ params={q=(Toshi)&fl=*+score&start=0&fq=django_ct:(blog.post)&rows=10&wt=json} hits=1 status=0 QTime=1 
INFO  - 2016-09-02 00:27:28.312; org.apache.solr.core.SolrCore; [blog] webapp=/solr path=/select/ params={q=(jazz)&fl=*+score&start=0&fq=django_ct:(blog.post)&rows=1&wt=json} hits=3 status=0 QTime=1 
INFO  - 2016-09-02 00:27:28.321; org.apache.solr.core.SolrCore; [blog] webapp=/solr path=/select/ params={q=(jazz)&fl=*+score&start=0&fq=django_ct:(blog.post)&rows=10&wt=json} hits=3 status=0 QTime=1 
INFO  - 2016-09-02 00:28:53.841; org.apache.solr.core.SolrCore; [blog] webapp=/solr path=/select/ params={q=(jazz)&fl=*+score&start=0&fq=django_ct:(blog.post)&rows=1&wt=json} hits=3 status=0 QTime=1 
INFO  - 2016-09-02 00:28:53.850; org.apache.solr.core.SolrCore; [blog] webapp=/solr path=/select/ params={q=(jazz)&fl=*+score&start=0&fq=django_ct:(blog.post)&rows=10&wt=json} hits=3 status=0 QTime=1 
INFO  - 2016-09-02 00:32:19.936; org.eclipse.jetty.server.Server; Graceful shutdown SocketConnector@0.0.0.0:8983
INFO  - 2016-09-02 00:32:19.938; org.eclipse.jetty.server.Server; Graceful shutdown o.e.j.w.WebAppContext{/solr,file:/Users/kugimototoshimitsu/workspace/Django/FirstApp/solr/example/solr-webapp/webapp/},/Users/kugimototoshimitsu/workspace/Django/FirstApp/solr/example/webapps/solr.war
INFO  - 2016-09-02 00:32:20.940; org.apache.solr.core.CoreContainer; Shutting down CoreContainer instance=359368949
INFO  - 2016-09-02 00:32:20.941; org.apache.solr.core.SolrCore; [collection1]  CLOSING SolrCore org.apache.solr.core.SolrCore@27b2bc65
INFO  - 2016-09-02 00:32:20.942; org.apache.solr.update.DirectUpdateHandler2; closing DirectUpdateHandler2{commits=0,autocommit maxTime=15000ms,autocommits=0,soft autocommits=0,optimizes=0,rollbacks=0,expungeDeletes=0,docsPending=0,adds=0,deletesById=0,deletesByQuery=0,errors=0,cumulative_adds=0,cumulative_deletesById=0,cumulative_deletesByQuery=0,cumulative_errors=0,transaction_logs_total_size=0,transaction_logs_total_number=0}
INFO  - 2016-09-02 00:32:20.943; org.apache.solr.update.SolrCoreState; Closing SolrCoreState
INFO  - 2016-09-02 00:32:20.943; org.apache.solr.update.DefaultSolrCoreState; SolrCoreState ref count has reached 0 - closing IndexWriter
INFO  - 2016-09-02 00:32:20.943; org.apache.solr.update.DefaultSolrCoreState; closing IndexWriter with IndexWriterCloser
INFO  - 2016-09-02 00:32:20.947; org.apache.solr.core.SolrCore; [collection1] Closing main searcher on request.
INFO  - 2016-09-02 00:32:20.948; org.apache.solr.core.CachingDirectoryFactory; Closing NRTCachingDirectoryFactory - 2 directories currently being tracked
INFO  - 2016-09-02 00:32:20.949; org.apache.solr.core.CachingDirectoryFactory; looking to close /Users/kugimototoshimitsu/workspace/Django/FirstApp/solr/example/solr/collection1/data [CachedDir<<refCount=0;path=/Users/kugimototoshimitsu/workspace/Django/FirstApp/solr/example/solr/collection1/data;done=false>>]
INFO  - 2016-09-02 00:32:20.950; org.apache.solr.core.CachingDirectoryFactory; Closing directory: /Users/kugimototoshimitsu/workspace/Django/FirstApp/solr/example/solr/collection1/data
INFO  - 2016-09-02 00:32:20.950; org.apache.solr.core.CachingDirectoryFactory; looking to close /Users/kugimototoshimitsu/workspace/Django/FirstApp/solr/example/solr/collection1/data/index [CachedDir<<refCount=0;path=/Users/kugimototoshimitsu/workspace/Django/FirstApp/solr/example/solr/collection1/data/index;done=false>>]
INFO  - 2016-09-02 00:32:20.950; org.apache.solr.core.CachingDirectoryFactory; Closing directory: /Users/kugimototoshimitsu/workspace/Django/FirstApp/solr/example/solr/collection1/data/index
INFO  - 2016-09-02 00:32:20.951; org.apache.solr.core.SolrCore; [blog]  CLOSING SolrCore org.apache.solr.core.SolrCore@2952b346
INFO  - 2016-09-02 00:32:20.951; org.apache.solr.update.DirectUpdateHandler2; closing DirectUpdateHandler2{commits=3,autocommits=0,soft autocommits=0,optimizes=1,rollbacks=0,expungeDeletes=0,docsPending=0,adds=0,deletesById=0,deletesByQuery=0,errors=0,cumulative_adds=5,cumulative_deletesById=0,cumulative_deletesByQuery=1,cumulative_errors=0}
INFO  - 2016-09-02 00:32:20.951; org.apache.solr.update.SolrCoreState; Closing SolrCoreState
INFO  - 2016-09-02 00:32:20.951; org.apache.solr.update.DefaultSolrCoreState; SolrCoreState ref count has reached 0 - closing IndexWriter
INFO  - 2016-09-02 00:32:20.952; org.apache.solr.update.DefaultSolrCoreState; closing IndexWriter with IndexWriterCloser
INFO  - 2016-09-02 00:32:20.954; org.apache.solr.core.SolrCore; [blog] Closing main searcher on request.
INFO  - 2016-09-02 00:32:20.957; org.apache.solr.core.CachingDirectoryFactory; Closing NRTCachingDirectoryFactory - 2 directories currently being tracked
INFO  - 2016-09-02 00:32:20.958; org.apache.solr.core.CachingDirectoryFactory; looking to close /Users/kugimototoshimitsu/workspace/Django/FirstApp/solr/example/solr/blog/data/index [CachedDir<<refCount=0;path=/Users/kugimototoshimitsu/workspace/Django/FirstApp/solr/example/solr/blog/data/index;done=false>>]
INFO  - 2016-09-02 00:32:20.958; org.apache.solr.core.CachingDirectoryFactory; Closing directory: /Users/kugimototoshimitsu/workspace/Django/FirstApp/solr/example/solr/blog/data/index
INFO  - 2016-09-02 00:32:20.958; org.apache.solr.core.CachingDirectoryFactory; looking to close /Users/kugimototoshimitsu/workspace/Django/FirstApp/solr/example/solr/blog/data [CachedDir<<refCount=0;path=/Users/kugimototoshimitsu/workspace/Django/FirstApp/solr/example/solr/blog/data;done=false>>]
INFO  - 2016-09-02 00:32:20.958; org.apache.solr.core.CachingDirectoryFactory; Closing directory: /Users/kugimototoshimitsu/workspace/Django/FirstApp/solr/example/solr/blog/data
INFO  - 2016-09-02 00:32:20.963; org.eclipse.jetty.server.handler.ContextHandler; stopped o.e.j.w.WebAppContext{/solr,file:/Users/kugimototoshimitsu/workspace/Django/FirstApp/solr/example/solr-webapp/webapp/},/Users/kugimototoshimitsu/workspace/Django/FirstApp/solr/example/webapps/solr.war
